2026-05-11 00:12:16.952 Please replace `use_container_width` with `width`.

`use_container_width` will be removed after 2025-12-31.

For `use_container_width=True`, use `width='stretch'`. For `use_container_width=False`, use `width='content'`.
2026-05-11 00:12:16.991 Please replace `use_container_width` with `width`.

`use_container_width` will be removed after 2025-12-31.

For `use_container_width=True`, use `width='stretch'`. For `use_container_width=False`, use `width='content'`.
2026-05-11 00:12:17.010 Please replace `use_container_width` with `width`.

`use_container_width` will be removed after 2025-12-31.

For `use_container_width=True`, use `width='stretch'`. For `use_container_width=False`, use `width='content'`.
2026-05-11 00:12:17.044 Please replace `use_container_width` with `width`.

`use_container_width` will be removed after 2025-12-31.

For `use_container_width=True`, use `width='stretch'`. For `use_container_width=False`, use `width='content'`.
2026-05-11 00:12:17.066 Please replace `use_container_width` with `width`.

`use_container_width` will be removed after 2025-12-31.

For `use_container_width=True`, use `width='stretch'`. For `use_container_width=False`, use `width='content'`.
2026-05-11 00:12:32.609 Please replace `use_container_width` with `width`.

`use_container_width` will be removed after 2025-12-31.

For `use_container_width=True`, use `width='stretch'`. For `use_container_width=False`, use `width='content'`.
2026-05-11 00:12:32.635 Please replace `use_container_width` with `width`.

`use_container_width` will be removed after 2025-12-31.

For `use_container_width=True`, use `width='stretch'`. For `use_container_width=False`, use `width='content'`.
2026-05-11 00:12:32.652 Please replace `use_container_width` with `width`.

`use_container_width` will be removed after 2025-12-31.

For `use_container_width=True`, use `width='stretch'`. For `use_container_width=False`, use `width='content'`.
2026-05-11 00:12:32.667 Please replace `use_container_width` with `width`.

`use_container_width` will be removed after 2025-12-31.

For `use_container_width=True`, use `width='stretch'`. For `use_container_width=False`, use `width='content'`.
2026-05-11 00:12:32.690 Please replace `use_container_width` with `width`.

`use_container_width` will be removed after 2025-12-31.

For `use_container_width=True`, use `width='stretch'`. For `use_container_width=False`, use `width='content'`.
2026-05-11 00:12:34.007 Please replace `use_container_width` with `width`.

`use_container_width` will be removed after 2025-12-31.

For `use_container_width=True`, use `width='stretch'`. For `use_container_width=False`, use `width='content'`.
2026-05-11 00:12:34.028 Please replace `use_container_width` with `width`.

`use_container_width` will be removed after 2025-12-31.

For `use_container_width=True`, use `width='stretch'`. For `use_container_width=False`, use `width='content'`.
2026-05-11 00:12:34.042 Please replace `use_container_width` with `width`.

`use_container_width` will be removed after 2025-12-31.

For `use_container_width=True`, use `width='stretch'`. For `use_container_width=False`, use `width='content'`.
2026-05-11 00:12:34.057 Please replace `use_container_width` with `width`.

`use_container_width` will be removed after 2025-12-31.

For `use_container_width=True`, use `width='stretch'`. For `use_container_width=False`, use `width='content'`.
2026-05-11 00:12:34.077 Please replace `use_container_width` with `width`.

`use_container_width` will be removed after 2025-12-31.

For `use_container_width=True`, use `width='stretch'`. For `use_container_width=False`, use `width='content'`.
2026-05-11 00:13:44.467 Please replace `use_container_width` with `width`.

`use_container_width` will be removed after 2025-12-31.

For `use_container_width=True`, use `width='stretch'`. For `use_container_width=False`, use `width='content'`.
2026-05-11 00:13:44.492 Please replace `use_container_width` with `width`.

`use_container_width` will be removed after 2025-12-31.

For `use_container_width=True`, use `width='stretch'`. For `use_container_width=False`, use `width='content'`.
2026-05-11 00:13:44.508 Please replace `use_container_width` with `width`.

`use_container_width` will be removed after 2025-12-31.

For `use_container_width=True`, use `width='stretch'`. For `use_container_width=False`, use `width='content'`.
2026-05-11 00:13:44.522 Please replace `use_container_width` with `width`.

`use_container_width` will be removed after 2025-12-31.

For `use_container_width=True`, use `width='stretch'`. For `use_container_width=False`, use `width='content'`.
2026-05-11 00:13:44.545 Please replace `use_container_width` with `width`.

`use_container_width` will be removed after 2025-12-31.

For `use_container_width=True`, use `width='stretch'`. For `use_container_width=False`, use `width='content'`.
2026-05-11 00:13:50.240 Please replace `use_container_width` with `width`.

`use_container_width` will be removed after 2025-12-31.

For `use_container_width=True`, use `width='stretch'`. For `use_container_width=False`, use `width='content'`.
2026-05-11 00:13:50.262 Please replace `use_container_width` with `width`.

`use_container_width` will be removed after 2025-12-31.

For `use_container_width=True`, use `width='stretch'`. For `use_container_width=False`, use `width='content'`.
2026-05-11 00:13:50.277 Please replace `use_container_width` with `width`.

`use_container_width` will be removed after 2025-12-31.

For `use_container_width=True`, use `width='stretch'`. For `use_container_width=False`, use `width='content'`.
2026-05-11 00:13:50.290 Please replace `use_container_width` with `width`.

`use_container_width` will be removed after 2025-12-31.

For `use_container_width=True`, use `width='stretch'`. For `use_container_width=False`, use `width='content'`.
2026-05-11 00:13:50.312 Please replace `use_container_width` with `width`.

`use_container_width` will be removed after 2025-12-31.

For `use_container_width=True`, use `width='stretch'`. For `use_container_width=False`, use `width='content'`.
2026-05-11 00:13:53.564 Please replace `use_container_width` with `width`.

`use_container_width` will be removed after 2025-12-31.

For `use_container_width=True`, use `width='stretch'`. For `use_container_width=False`, use `width='content'`.
2026-05-11 00:13:53.579 Uncaught app execution
Traceback (most recent call last):
  File "c:\Users\richi\Desktop\UniMedi-Trend\.venv\Lib\site-packages\streamlit\runtime\scriptrunner\exec_code.py", line 129, in exec_func_with_error_handling
    result = func()
  File "c:\Users\richi\Desktop\UniMedi-Trend\.venv\Lib\site-packages\streamlit\runtime\scriptrunner\script_runner.py", line 689, in code_to_exec
    exec(code, module.__dict__)  # noqa: S102
    ~~~~^^^^^^^^^^^^^^^^^^^^^^^
  File "C:\Users\richi\Desktop\UniMedi-Trend\Dashboard\app.py", line 887, in <module>
    fig = px.imshow(
        pivot,
    ...<2 lines>...
        labels={"color": "Avg Severity"},
    )
  File "c:\Users\richi\Desktop\UniMedi-Trend\.venv\Lib\site-packages\plotly\express\_imshow.py", line 423, in imshow
    colorscale=colorscale_validator.validate_coerce(
               ~~~~~~~~~~~~~~~~~~~~~~~~~~~~~~~~~~~~^
        args["color_continuous_scale"]
        ^^^^^^^^^^^^^^^^^^^^^^^^^^^^^^
    ),
    ^
  File "c:\Users\richi\Desktop\UniMedi-Trend\.venv\Lib\site-packages\_plotly_utils\basevalidators.py", line 1661, in validate_coerce
    self.raise_invalid_val(v)
    ~~~~~~~~~~~~~~~~~~~~~~^^^
  File "c:\Users\richi\Desktop\UniMedi-Trend\.venv\Lib\site-packages\_plotly_utils\basevalidators.py", line 312, in raise_invalid_val
            raise ValueError(
    ...<11 lines>...
            )
ValueError: 
    Invalid value of type 'builtins.list' received for the 'colorscale' property of imshow
        Received value: [[0, '#1a2035'], [0.3, '#14b8a650'], [1, '#ef4444']]

    The 'colorscale' property is a colorscale and may be
    specified as:
      - A list of colors that will be spaced evenly to create the colorscale.
        Many predefined colorscale lists are included in the sequential, diverging,
        and cyclical modules in the plotly.colors package.
      - A list of 2-element lists where the first element is the
        normalized color level value (starting at 0 and ending at 1),
        and the second item is a valid color string.
        (e.g. [[0, 'green'], [0.5, 'red'], [1.0, 'rgb(0, 0, 255)']])
      - One of the following named colorscales:
            ['aggrnyl', 'agsunset', 'algae', 'amp', 'armyrose', 'balance',
             'blackbody', 'bluered', 'blues', 'blugrn', 'bluyl', 'brbg',
             'brwnyl', 'bugn', 'bupu', 'burg', 'burgyl', 'cividis', 'curl',
             'darkmint', 'deep', 'delta', 'dense', 'earth', 'edge', 'electric',
             'emrld', 'fall', 'geyser', 'gnbu', 'gray', 'greens', 'greys',
             'haline', 'hot', 'hsv', 'ice', 'icefire', 'inferno', 'jet',
             'magenta', 'magma', 'matter', 'mint', 'mrybm', 'mygbm', 'oranges',
             'orrd', 'oryel', 'oxy', 'peach', 'phase', 'picnic', 'pinkyl',
             'piyg', 'plasma', 'plotly3', 'portland', 'prgn', 'pubu', 'pubugn',
             'puor', 'purd', 'purp', 'purples', 'purpor', 'rainbow', 'rdbu',
             'rdgy', 'rdpu', 'rdylbu', 'rdylgn', 'redor', 'reds', 'solar',
             'spectral', 'speed', 'sunset', 'sunsetdark', 'teal', 'tealgrn',
             'tealrose', 'tempo', 'temps', 'thermal', 'tropic', 'turbid',
             'turbo', 'twilight', 'viridis', 'ylgn', 'ylgnbu', 'ylorbr',
             'ylorrd'].
        Appending '_r' to a named colorscale reverses it.

